Wed Jan 13 16:47:33 2021
 [Moved file: .\mr.txt to Documents/]
Wed Jan 13 16:47:33 2021
 [Moved file: .\Nouveau WinRAR archive.rar to Compressed/]
Wed Jan 13 16:47:33 2021
 [Moved file: .\zizi.txt to Documents/]
Wed Jan 13 16:48:34 2021
 [Created directory: Executables]
Wed Jan 13 16:48:34 2021
 [Created directory: Images]
Wed Jan 13 16:48:34 2021
 [Created directory: Videos]
Wed Jan 13 16:48:34 2021
 [Created directory: Audio]
Wed Jan 13 16:48:34 2021
 [Created directory: Documents]
Wed Jan 13 16:48:34 2021
 [Created directory: Compressed]
Wed Jan 13 16:48:34 2021
 [Created directory: Other]
